

Started GET "/movies/4" for 127.0.0.1 at 2015-07-11 05:10:03 -0500

ActiveRecord::PendingMigrationError (

Migrations are pending. To resolve this issue, run:

	bin/rake db:migrate RAILS_ENV=development

):
  activerecord (4.1.9) lib/active_record/migration.rb:389:in `check_pending!'
  activerecord (4.1.9) lib/active_record/migration.rb:377:in `call'
  actionpack (4.1.9) lib/action_dispatch/middleware/callbacks.rb:29:in `block in call'
  activesupport (4.1.9) lib/active_support/callbacks.rb:82:in `run_callbacks'
  actionpack (4.1.9) lib/action_dispatch/middleware/callbacks.rb:27:in `call'
  actionpack (4.1.9) lib/action_dispatch/middleware/reloader.rb:73:in `call'
  actionpack (4.1.9) lib/action_dispatch/middleware/remote_ip.rb:76:in `call'
  actionpack (4.1.9) lib/action_dispatch/middleware/debug_exceptions.rb:17:in `call'
  actionpack (4.1.9) lib/action_dispatch/middleware/show_exceptions.rb:30:in `call'
  railties (4.1.9) lib/rails/rack/logger.rb:38:in `call_app'
  railties (4.1.9) lib/rails/rack/logger.rb:20:in `block in call'
  activesupport (4.1.9) lib/active_support/tagged_logging.rb:68:in `block in tagged'
  activesupport (4.1.9) lib/active_support/tagged_logging.rb:26:in `tagged'
  activesupport (4.1.9) lib/active_support/tagged_logging.rb:68:in `tagged'
  railties (4.1.9) lib/rails/rack/logger.rb:20:in `call'
  actionpack (4.1.9) lib/action_dispatch/middleware/request_id.rb:21:in `call'
  rack (1.5.2) lib/rack/methodoverride.rb:21:in `call'
  rack (1.5.2) lib/rack/runtime.rb:17:in `call'
  activesupport (4.1.9) lib/active_support/cache/strategy/local_cache_middleware.rb:26:in `call'
  rack (1.5.2) lib/rack/lock.rb:17:in `call'
  actionpack (4.1.9) lib/action_dispatch/middleware/static.rb:84:in `call'
  rack (1.5.2) lib/rack/sendfile.rb:112:in `call'
  railties (4.1.9) lib/rails/engine.rb:514:in `call'
  railties (4.1.9) lib/rails/application.rb:144:in `call'
  rack (1.5.2) lib/rack/lock.rb:17:in `call'
  rack (1.5.2) lib/rack/content_length.rb:14:in `call'
  rack (1.5.2) lib/rack/handler/webrick.rb:60:in `service'
  C:/RailsInstaller/Ruby2.0.0/lib/ruby/2.0.0/webrick/httpserver.rb:138:in `service'
  C:/RailsInstaller/Ruby2.0.0/lib/ruby/2.0.0/webrick/httpserver.rb:94:in `run'
  C:/RailsInstaller/Ruby2.0.0/lib/ruby/2.0.0/webrick/server.rb:295:in `block in start_thread'


  Rendered C:/RailsInstaller/Ruby2.0.0/lib/ruby/gems/2.0.0/gems/actionpack-4.1.9/lib/action_dispatch/middleware/templates/rescues/_source.erb (0.0ms)
  Rendered C:/RailsInstaller/Ruby2.0.0/lib/ruby/gems/2.0.0/gems/actionpack-4.1.9/lib/action_dispatch/middleware/templates/rescues/_trace.html.erb (1.0ms)
  Rendered C:/RailsInstaller/Ruby2.0.0/lib/ruby/gems/2.0.0/gems/actionpack-4.1.9/lib/action_dispatch/middleware/templates/rescues/_request_and_response.html.erb (1.0ms)
  Rendered C:/RailsInstaller/Ruby2.0.0/lib/ruby/gems/2.0.0/gems/actionpack-4.1.9/lib/action_dispatch/middleware/templates/rescues/diagnostics.erb within rescues/layout (65.0ms)
  [1m[36m (21.0ms)[0m  [1mCREATE TABLE "schema_migrations" ("version" varchar(255) NOT NULL) [0m
  [1m[35m (1.0ms)[0m  select sqlite_version(*)
  [1m[36m (13.8ms)[0m  [1mCREATE UNIQUE INDEX "unique_schema_migrations" ON "schema_migrations" ("version")[0m
  [1m[35mActiveRecord::SchemaMigration Load (0.0ms)[0m  SELECT "schema_migrations".* FROM "schema_migrations"
Migrating to CreateMovies (20121121163535)
  [1m[36m (0.0ms)[0m  [1mbegin transaction[0m
  [1m[35m (0.0ms)[0m  CREATE TABLE "movies" ("id" INTEGER PRIMARY KEY AUTOINCREMENT NOT NULL, "title" varchar(255), "rating" varchar(255), "total_gross" decimal, "created_at" datetime, "updated_at" datetime) 
  [1m[36mSQL (0.0ms)[0m  [1mINSERT INTO "schema_migrations" ("version") VALUES (?)[0m  [["version", "20121121163535"]]
  [1m[35m (13.0ms)[0m  commit transaction
Migrating to AddFieldsToMovies (20121121180707)
  [1m[36m (0.0ms)[0m  [1mbegin transaction[0m
  [1m[35m (1.0ms)[0m  ALTER TABLE "movies" ADD "description" text
  [1m[36m (0.0ms)[0m  [1mALTER TABLE "movies" ADD "released_on" date[0m
  [1m[35mSQL (0.0ms)[0m  INSERT INTO "schema_migrations" ("version") VALUES (?)  [["version", "20121121180707"]]
  [1m[36m (12.0ms)[0m  [1mcommit transaction[0m
Migrating to AddMoreFieldsToMovies (20121210234158)
  [1m[35m (0.0ms)[0m  begin transaction
  [1m[36m (1.0ms)[0m  [1mALTER TABLE "movies" ADD "cast" varchar(255)[0m
  [1m[35m (0.0ms)[0m  ALTER TABLE "movies" ADD "director" varchar(255)
  [1m[36m (0.0ms)[0m  [1mALTER TABLE "movies" ADD "duration" varchar(255)[0m
  [1m[35m (1.0ms)[0m  ALTER TABLE "movies" ADD "image_file_name" varchar(255)
  [1m[36mSQL (0.0ms)[0m  [1mINSERT INTO "schema_migrations" ("version") VALUES (?)[0m  [["version", "20121210234158"]]
  [1m[35m (13.0ms)[0m  commit transaction
  [1m[36mActiveRecord::SchemaMigration Load (0.0ms)[0m  [1mSELECT "schema_migrations".* FROM "schema_migrations"[0m


Started GET "/movies/4" for 127.0.0.1 at 2015-07-11 05:10:23 -0500
  [1m[36mActiveRecord::SchemaMigration Load (0.0ms)[0m  [1mSELECT "schema_migrations".* FROM "schema_migrations"[0m
Processing by MoviesController#show as HTML
  Parameters: {"id"=>"4"}
  [1m[35mMovie Load (0.0ms)[0m  SELECT  "movies".* FROM "movies"  WHERE "movies"."id" = ? LIMIT 1  [["id", 4]]
Completed 404 Not Found in 27ms

ActiveRecord::RecordNotFound (Couldn't find Movie with 'id'=4):
  app/controllers/movies_controller.rb:7:in `show'


  Rendered C:/RailsInstaller/Ruby2.0.0/lib/ruby/gems/2.0.0/gems/actionpack-4.1.9/lib/action_dispatch/middleware/templates/rescues/_source.erb (1.0ms)
  Rendered C:/RailsInstaller/Ruby2.0.0/lib/ruby/gems/2.0.0/gems/actionpack-4.1.9/lib/action_dispatch/middleware/templates/rescues/_trace.html.erb (1.0ms)
  Rendered C:/RailsInstaller/Ruby2.0.0/lib/ruby/gems/2.0.0/gems/actionpack-4.1.9/lib/action_dispatch/middleware/templates/rescues/_request_and_response.html.erb (0.0ms)
  Rendered C:/RailsInstaller/Ruby2.0.0/lib/ruby/gems/2.0.0/gems/actionpack-4.1.9/lib/action_dispatch/middleware/templates/rescues/diagnostics.erb within rescues/layout (33.0ms)


Started GET "/movies/3" for 127.0.0.1 at 2015-07-11 05:10:27 -0500
Processing by MoviesController#show as HTML
  Parameters: {"id"=>"3"}
  [1m[36mMovie Load (0.0ms)[0m  [1mSELECT  "movies".* FROM "movies"  WHERE "movies"."id" = ? LIMIT 1[0m  [["id", 3]]
Completed 404 Not Found in 2ms

ActiveRecord::RecordNotFound (Couldn't find Movie with 'id'=3):
  app/controllers/movies_controller.rb:7:in `show'


  Rendered C:/RailsInstaller/Ruby2.0.0/lib/ruby/gems/2.0.0/gems/actionpack-4.1.9/lib/action_dispatch/middleware/templates/rescues/_source.erb (0.0ms)
  Rendered C:/RailsInstaller/Ruby2.0.0/lib/ruby/gems/2.0.0/gems/actionpack-4.1.9/lib/action_dispatch/middleware/templates/rescues/_trace.html.erb (1.0ms)
  Rendered C:/RailsInstaller/Ruby2.0.0/lib/ruby/gems/2.0.0/gems/actionpack-4.1.9/lib/action_dispatch/middleware/templates/rescues/_request_and_response.html.erb (1.0ms)
  Rendered C:/RailsInstaller/Ruby2.0.0/lib/ruby/gems/2.0.0/gems/actionpack-4.1.9/lib/action_dispatch/middleware/templates/rescues/diagnostics.erb within rescues/layout (29.0ms)


Started GET "/movies" for 127.0.0.1 at 2015-07-11 05:10:32 -0500
Processing by MoviesController#index as HTML
  [1m[35mMovie Load (0.0ms)[0m  SELECT "movies".* FROM "movies"  WHERE (released_on <= '2015-07-11 10:10:32.131791')  ORDER BY released_on desc
  Rendered movies/index.html.erb within layouts/application (2.0ms)
  Rendered layouts/_header.html.erb (0.0ms)
  Rendered layouts/_sidebar.html.erb (0.0ms)
  Rendered layouts/_footer.html.erb (0.0ms)
Completed 200 OK in 1702ms (Views: 1695.0ms | ActiveRecord: 0.0ms)


Started GET "/assets/application.css?body=1" for 127.0.0.1 at 2015-07-11 05:10:33 -0500


Started GET "/assets/elements.css?body=1" for 127.0.0.1 at 2015-07-11 05:10:33 -0500


Started GET "/assets/normalize.css?body=1" for 127.0.0.1 at 2015-07-11 05:10:33 -0500


Started GET "/assets/layout.css?body=1" for 127.0.0.1 at 2015-07-11 05:10:33 -0500


Started GET "/assets/movies.css?body=1" for 127.0.0.1 at 2015-07-11 05:10:33 -0500


Started GET "/assets/buttons.css?body=1" for 127.0.0.1 at 2015-07-11 05:10:33 -0500


Started GET "/assets/forms.css?body=1" for 127.0.0.1 at 2015-07-11 05:10:33 -0500


Started GET "/assets/jquery.js?body=1" for 127.0.0.1 at 2015-07-11 05:10:33 -0500


Started GET "/assets/jquery_ujs.js?body=1" for 127.0.0.1 at 2015-07-11 05:10:33 -0500


Started GET "/assets/turbolinks.js?body=1" for 127.0.0.1 at 2015-07-11 05:10:33 -0500


Started GET "/assets/movies.js?body=1" for 127.0.0.1 at 2015-07-11 05:10:33 -0500


Started GET "/assets/application.js?body=1" for 127.0.0.1 at 2015-07-11 05:10:33 -0500


Started GET "/assets/arrow.png" for 127.0.0.1 at 2015-07-11 05:10:34 -0500


Started GET "/assets/logo.png" for 127.0.0.1 at 2015-07-11 05:10:34 -0500


Started GET "/assets/add.png" for 127.0.0.1 at 2015-07-11 05:10:34 -0500


Started GET "/assets/background.jpg" for 127.0.0.1 at 2015-07-11 05:10:34 -0500
  [1m[36mActiveRecord::SchemaMigration Load (1.0ms)[0m  [1mSELECT "schema_migrations".* FROM "schema_migrations"[0m
  [1m[35m (0.0ms)[0m  begin transaction
  [1m[36mSQL (1.0ms)[0m  [1mINSERT INTO "movies" ("cast", "created_at", "description", "director", "duration", "image_file_name", "rating", "released_on", "title", "total_gross", "updated_at") VALUES (?, ?, ?, ?, ?, ?, ?, ?, ?, ?, ?)[0m  [["cast", "Robert Downey Jr., Gwyneth Paltrow and Terrence Howard"], ["created_at", "2015-07-11 10:10:47.550211"], ["description", "When wealthy industrialist Tony Stark is forced to build an armored suit after a life-threatening incident, he ultimately decides to use its technology to fight against evil."], ["director", "Jon Favreau"], ["duration", "126 min"], ["image_file_name", "ironman.jpg"], ["rating", "PG-13"], ["released_on", "2008-05-02"], ["title", "Iron Man"], ["total_gross", 318412101.0], ["updated_at", "2015-07-11 10:10:47.550211"]]
  [1m[35m (13.0ms)[0m  commit transaction
  [1m[36m (0.0ms)[0m  [1mbegin transaction[0m
  [1m[35mSQL (1.0ms)[0m  INSERT INTO "movies" ("cast", "created_at", "description", "director", "duration", "image_file_name", "rating", "released_on", "title", "total_gross", "updated_at") VALUES (?, ?, ?, ?, ?, ?, ?, ?, ?, ?, ?)  [["cast", "Christopher Reeve, Margot Kidder and Gene Hackman"], ["created_at", "2015-07-11 10:10:47.570214"], ["description", "An alien orphan is sent from his dying planet to Earth, where he grows up to become his adoptive home's first and greatest super-hero."], ["director", "Richard Donner"], ["duration", "143 min"], ["image_file_name", "superman.jpg"], ["rating", "PG"], ["released_on", "1978-12-15"], ["title", "Superman"], ["total_gross", 134218018.0], ["updated_at", "2015-07-11 10:10:47.570214"]]
  [1m[36m (12.0ms)[0m  [1mcommit transaction[0m
  [1m[35m (0.0ms)[0m  begin transaction
  [1m[36mSQL (1.0ms)[0m  [1mINSERT INTO "movies" ("cast", "created_at", "description", "director", "duration", "image_file_name", "rating", "released_on", "title", "total_gross", "updated_at") VALUES (?, ?, ?, ?, ?, ?, ?, ?, ?, ?, ?)[0m  [["cast", "Tobey Maguire, Kirsten Dunst and Willem Dafoe"], ["created_at", "2015-07-11 10:10:47.584214"], ["description", "When bitten by a genetically modified spider, a nerdy, shy, and awkward high school student gains spider-like abilities that he eventually must use to fight evil as a superhero after tragedy befalls his family."], ["director", "Sam Raimi"], ["duration", "121 min"], ["image_file_name", "spiderman.jpg"], ["rating", "PG-13"], ["released_on", "2002-05-03"], ["title", "Spider-Man"], ["total_gross", 403706375.0], ["updated_at", "2015-07-11 10:10:47.584214"]]
  [1m[35m (13.6ms)[0m  commit transaction
  [1m[36m (0.0ms)[0m  [1mbegin transaction[0m
  [1m[35mSQL (0.0ms)[0m  INSERT INTO "movies" ("cast", "created_at", "description", "director", "duration", "image_file_name", "rating", "released_on", "title", "total_gross", "updated_at") VALUES (?, ?, ?, ?, ?, ?, ?, ?, ?, ?, ?)  [["cast", "Michael Keaton, Jack Nicholson and Kim Basinger"], ["created_at", "2015-07-11 10:10:47.598775"], ["description", "The Dark Knight of Gotham City begins his war on crime with his first major enemy being the clownishly homicidal Joker."], ["director", "Tim Burton"], ["duration", "126 min"], ["image_file_name", "batman.jpg"], ["rating", "PG-13"], ["released_on", "1989-06-23"], ["title", "Batman"], ["total_gross", 251188924.0], ["updated_at", "2015-07-11 10:10:47.598775"]]
  [1m[36m (13.0ms)[0m  [1mcommit transaction[0m
  [1m[35m (0.0ms)[0m  begin transaction
  [1m[36mSQL (1.0ms)[0m  [1mINSERT INTO "movies" ("cast", "created_at", "description", "director", "duration", "image_file_name", "rating", "released_on", "title", "total_gross", "updated_at") VALUES (?, ?, ?, ?, ?, ?, ?, ?, ?, ?, ?)[0m  [["cast", "Halle Berry, Sharon Stone and Benjamin Bratt"], ["created_at", "2015-07-11 10:10:47.614772"], ["description", "Patience Philips seems destined to spend her life apologizing for taking up space. Despite her artistic ability&mdash;she has a more than respectable career as a graphic designer."], ["director", "Jean-Christophe 'Pitof' Comar"], ["duration", "101 min"], ["image_file_name", "catwoman.jpg"], ["rating", "PG-13"], ["released_on", "2004-07-23"], ["title", "Catwoman"], ["total_gross", 40200000.0], ["updated_at", "2015-07-11 10:10:47.614772"]]
  [1m[35m (13.0ms)[0m  commit transaction
  [1m[36m (1.0ms)[0m  [1mbegin transaction[0m
  [1m[35mSQL (1.0ms)[0m  INSERT INTO "movies" ("cast", "created_at", "description", "director", "duration", "image_file_name", "rating", "released_on", "title", "total_gross", "updated_at") VALUES (?, ?, ?, ?, ?, ?, ?, ?, ?, ?, ?)  [["cast", "Bruce Wayne, Gojira"], ["created_at", "2015-07-11 10:10:47.629793"], ["description", "An epic battle between The Caped Crusader and the fire-breathing dinosaur Gojira. Hang on to your popcorn, kids!"], ["director", "Ishiro Honda"], ["duration", "211 min"], ["image_file_name", "batman-vs-godzilla.jpg"], ["rating", "PG-13"], ["released_on", "2015-07-21"], ["title", "Batman vs. Godzilla"], ["total_gross", 387623910.0], ["updated_at", "2015-07-11 10:10:47.629793"]]
  [1m[36m (11.8ms)[0m  [1mcommit transaction[0m


Started GET "/movies" for 127.0.0.1 at 2015-07-11 05:10:51 -0500
Processing by MoviesController#index as HTML
  [1m[36mMovie Load (0.0ms)[0m  [1mSELECT "movies".* FROM "movies"  WHERE (released_on <= '2015-07-11 10:10:51.242805')  ORDER BY released_on desc[0m
  Rendered movies/index.html.erb within layouts/application (92.0ms)
  Rendered layouts/_header.html.erb (0.0ms)
  Rendered layouts/_sidebar.html.erb (0.0ms)
  Rendered layouts/_footer.html.erb (0.0ms)
Completed 200 OK in 178ms (Views: 178.0ms | ActiveRecord: 0.0ms)


Started GET "/assets/application.css?body=1" for 127.0.0.1 at 2015-07-11 05:10:51 -0500


Started GET "/assets/layout.css?body=1" for 127.0.0.1 at 2015-07-11 05:10:51 -0500


Started GET "/assets/normalize.css?body=1" for 127.0.0.1 at 2015-07-11 05:10:51 -0500


Started GET "/assets/elements.css?body=1" for 127.0.0.1 at 2015-07-11 05:10:51 -0500


Started GET "/assets/movies.css?body=1" for 127.0.0.1 at 2015-07-11 05:10:51 -0500


Started GET "/assets/buttons.css?body=1" for 127.0.0.1 at 2015-07-11 05:10:51 -0500


Started GET "/assets/forms.css?body=1" for 127.0.0.1 at 2015-07-11 05:10:51 -0500


Started GET "/assets/jquery.js?body=1" for 127.0.0.1 at 2015-07-11 05:10:51 -0500


Started GET "/assets/jquery_ujs.js?body=1" for 127.0.0.1 at 2015-07-11 05:10:51 -0500


Started GET "/assets/turbolinks.js?body=1" for 127.0.0.1 at 2015-07-11 05:10:51 -0500


Started GET "/assets/application.js?body=1" for 127.0.0.1 at 2015-07-11 05:10:51 -0500


Started GET "/assets/ironman.jpg" for 127.0.0.1 at 2015-07-11 05:10:51 -0500


Started GET "/assets/movies.js?body=1" for 127.0.0.1 at 2015-07-11 05:10:51 -0500


Started GET "/assets/batman.jpg" for 127.0.0.1 at 2015-07-11 05:10:51 -0500


Started GET "/assets/catwoman.jpg" for 127.0.0.1 at 2015-07-11 05:10:51 -0500


Started GET "/assets/spiderman.jpg" for 127.0.0.1 at 2015-07-11 05:10:51 -0500


Started GET "/assets/superman.jpg" for 127.0.0.1 at 2015-07-11 05:10:51 -0500


Started GET "/movies" for 127.0.0.1 at 2015-07-11 08:12:38 -0500
  [1m[36mActiveRecord::SchemaMigration Load (0.0ms)[0m  [1mSELECT "schema_migrations".* FROM "schema_migrations"[0m
Processing by MoviesController#index as HTML
  [1m[35mMovie Load (0.0ms)[0m  SELECT "movies".* FROM "movies"  WHERE (released_on <= '2015-07-11 13:12:38.871838')  ORDER BY released_on desc
  Rendered movies/index.html.erb within layouts/application (63.0ms)
  Rendered layouts/_header.html.erb (1.0ms)
  Rendered layouts/_sidebar.html.erb (1.0ms)
  Rendered layouts/_footer.html.erb (1.0ms)
Completed 200 OK in 364ms (Views: 341.0ms | ActiveRecord: 1.0ms)


Started GET "/assets/application.css?body=1" for 127.0.0.1 at 2015-07-11 08:12:39 -0500


Started GET "/assets/normalize.css?body=1" for 127.0.0.1 at 2015-07-11 08:12:39 -0500


Started GET "/assets/layout.css?body=1" for 127.0.0.1 at 2015-07-11 08:12:39 -0500


Started GET "/assets/elements.css?body=1" for 127.0.0.1 at 2015-07-11 08:12:39 -0500


Started GET "/assets/movies.css?body=1" for 127.0.0.1 at 2015-07-11 08:12:39 -0500


Started GET "/assets/buttons.css?body=1" for 127.0.0.1 at 2015-07-11 08:12:39 -0500


Started GET "/assets/forms.css?body=1" for 127.0.0.1 at 2015-07-11 08:12:39 -0500


Started GET "/assets/jquery.js?body=1" for 127.0.0.1 at 2015-07-11 08:12:39 -0500


Started GET "/assets/jquery_ujs.js?body=1" for 127.0.0.1 at 2015-07-11 08:12:39 -0500


Started GET "/assets/turbolinks.js?body=1" for 127.0.0.1 at 2015-07-11 08:12:39 -0500


Started GET "/assets/movies.js?body=1" for 127.0.0.1 at 2015-07-11 08:12:39 -0500


Started GET "/assets/application.js?body=1" for 127.0.0.1 at 2015-07-11 08:12:39 -0500


Started GET "/assets/ironman.jpg" for 127.0.0.1 at 2015-07-11 08:12:39 -0500


Started GET "/assets/catwoman.jpg" for 127.0.0.1 at 2015-07-11 08:12:39 -0500


Started GET "/assets/spiderman.jpg" for 127.0.0.1 at 2015-07-11 08:12:39 -0500


Started GET "/assets/batman.jpg" for 127.0.0.1 at 2015-07-11 08:12:39 -0500


Started GET "/assets/logo.png" for 127.0.0.1 at 2015-07-11 08:12:39 -0500


Started GET "/assets/arrow.png" for 127.0.0.1 at 2015-07-11 08:12:39 -0500


Started GET "/assets/add.png" for 127.0.0.1 at 2015-07-11 08:12:39 -0500


Started GET "/assets/background.jpg" for 127.0.0.1 at 2015-07-11 08:12:39 -0500


Started GET "/assets/superman.jpg" for 127.0.0.1 at 2015-07-11 08:12:39 -0500


Started GET "/movies/1" for 127.0.0.1 at 2015-07-11 08:12:42 -0500
Processing by MoviesController#show as HTML
  Parameters: {"id"=>"1"}
  [1m[36mMovie Load (1.0ms)[0m  [1mSELECT  "movies".* FROM "movies"  WHERE "movies"."id" = ? LIMIT 1[0m  [["id", 1]]
  Rendered movies/show.html.erb within layouts/application (2.0ms)
  Rendered layouts/_header.html.erb (0.0ms)
  Rendered layouts/_sidebar.html.erb (0.0ms)
  Rendered layouts/_footer.html.erb (0.0ms)
Completed 200 OK in 128ms (Views: 124.1ms | ActiveRecord: 1.0ms)


Started GET "/movies/1/edit" for 127.0.0.1 at 2015-07-11 08:12:44 -0500
Processing by MoviesController#edit as HTML
  Parameters: {"id"=>"1"}
  [1m[35mMovie Load (0.0ms)[0m  SELECT  "movies".* FROM "movies"  WHERE "movies"."id" = ? LIMIT 1  [["id", 1]]
  Rendered movies/_form.html.erb (71.1ms)
  Rendered movies/edit.html.erb within layouts/application (77.1ms)
  Rendered layouts/_header.html.erb (0.0ms)
  Rendered layouts/_sidebar.html.erb (0.0ms)
  Rendered layouts/_footer.html.erb (0.0ms)
Completed 200 OK in 207ms (Views: 203.1ms | ActiveRecord: 0.0ms)


Started PATCH "/movies/1" for 127.0.0.1 at 2015-07-11 08:12:48 -0500
Processing by MoviesController#update as HTML
  Parameters: {"utf8"=>"✓", "authenticity_token"=>"CR+h4nfFbH1h2dInocR4hXw4PTfjei5/NMOw9ttSY8Q=", "movie"=>{"title"=>"Iron Man 3", "description"=>"When wealthy industrialist Tony Stark is forced to build an armored suit after a life-threatening incident, he ultimately decides to use its technology to fight against evil.", "rating"=>"PG-13", "released_on(1i)"=>"2008", "released_on(2i)"=>"5", "released_on(3i)"=>"2", "total_gross"=>"318412101", "duration"=>"126 min", "image_file_name"=>"ironman.jpg", "cast"=>"Robert Downey Jr., Gwyneth Paltrow and Terrence Howard", "director"=>"Jon Favreau"}, "commit"=>"Update Movie", "id"=>"1"}
  [1m[36mMovie Load (0.0ms)[0m  [1mSELECT  "movies".* FROM "movies"  WHERE "movies"."id" = ? LIMIT 1[0m  [["id", 1]]
  [1m[35m (1.0ms)[0m  begin transaction
  [1m[36mSQL (2.0ms)[0m  [1mUPDATE "movies" SET "title" = ?, "updated_at" = ? WHERE "movies"."id" = 1[0m  [["title", "Iron Man 3"], ["updated_at", "2015-07-11 13:12:48.740718"]]
  [1m[35m (14.0ms)[0m  commit transaction
Redirected to http://localhost:3000/movies/1
Completed 302 Found in 27ms (ActiveRecord: 17.0ms)


Started GET "/movies/1" for 127.0.0.1 at 2015-07-11 08:12:48 -0500
Processing by MoviesController#show as HTML
  Parameters: {"id"=>"1"}
  [1m[36mMovie Load (1.0ms)[0m  [1mSELECT  "movies".* FROM "movies"  WHERE "movies"."id" = ? LIMIT 1[0m  [["id", 1]]
  Rendered movies/show.html.erb within layouts/application (3.0ms)
  Rendered layouts/_header.html.erb (0.0ms)
  Rendered layouts/_sidebar.html.erb (0.0ms)
  Rendered layouts/_footer.html.erb (0.0ms)
Completed 200 OK in 126ms (Views: 124.0ms | ActiveRecord: 1.0ms)


Started GET "/movies/1/edit" for 127.0.0.1 at 2015-07-11 08:13:51 -0500
Processing by MoviesController#edit as HTML
  Parameters: {"id"=>"1"}
  [1m[35mMovie Load (0.0ms)[0m  SELECT  "movies".* FROM "movies"  WHERE "movies"."id" = ? LIMIT 1  [["id", 1]]
  Rendered movies/_form.html.erb (6.0ms)
  Rendered movies/edit.html.erb within layouts/application (10.0ms)
  Rendered layouts/_header.html.erb (0.0ms)
  Rendered layouts/_sidebar.html.erb (0.0ms)
  Rendered layouts/_footer.html.erb (0.0ms)
Completed 200 OK in 138ms (Views: 136.0ms | ActiveRecord: 0.0ms)


Started PATCH "/movies/1" for 127.0.0.1 at 2015-07-11 08:13:58 -0500
Processing by MoviesController#update as HTML
  Parameters: {"utf8"=>"✓", "authenticity_token"=>"CR+h4nfFbH1h2dInocR4hXw4PTfjei5/NMOw9ttSY8Q=", "movie"=>{"title"=>"Iron Man 4", "description"=>"When wealthy industrialist Tony Stark is forced to build an armored suit after a life-threatening incident, he ultimately decides to use its technology to fight against evil.", "rating"=>"PG-13", "released_on(1i)"=>"2008", "released_on(2i)"=>"5", "released_on(3i)"=>"2", "total_gross"=>"318412101", "duration"=>"126 min", "image_file_name"=>"ironman.jpg", "cast"=>"Robert Downey Jr., Gwyneth Paltrow and Terrence Howard", "director"=>"Jon Favreau"}, "commit"=>"Update Movie", "id"=>"1"}
  [1m[36mMovie Load (0.0ms)[0m  [1mSELECT  "movies".* FROM "movies"  WHERE "movies"."id" = ? LIMIT 1[0m  [["id", 1]]
  [1m[35m (0.0ms)[0m  begin transaction
  [1m[36mSQL (1.0ms)[0m  [1mUPDATE "movies" SET "title" = ?, "updated_at" = ? WHERE "movies"."id" = 1[0m  [["title", "Iron Man 4"], ["updated_at", "2015-07-11 13:13:58.814143"]]
  [1m[35m (14.0ms)[0m  commit transaction
Redirected to http://localhost:3000/movies/1
Completed 302 Found in 28ms (ActiveRecord: 15.0ms)


Started GET "/movies/1" for 127.0.0.1 at 2015-07-11 08:13:58 -0500
Processing by MoviesController#show as HTML
  Parameters: {"id"=>"1"}
  [1m[36mMovie Load (1.0ms)[0m  [1mSELECT  "movies".* FROM "movies"  WHERE "movies"."id" = ? LIMIT 1[0m  [["id", 1]]
  Rendered movies/show.html.erb within layouts/application (2.0ms)
  Rendered layouts/_header.html.erb (0.0ms)
  Rendered layouts/_sidebar.html.erb (0.0ms)
  Rendered layouts/_footer.html.erb (0.0ms)
Completed 200 OK in 131ms (Views: 126.0ms | ActiveRecord: 1.0ms)


Started GET "/movies/1" for 127.0.0.1 at 2015-07-11 08:14:28 -0500
Processing by MoviesController#show as HTML
  Parameters: {"id"=>"1"}
  [1m[35mMovie Load (0.0ms)[0m  SELECT  "movies".* FROM "movies"  WHERE "movies"."id" = ? LIMIT 1  [["id", 1]]
  Rendered movies/show.html.erb within layouts/application (2.0ms)
  Rendered layouts/_header.html.erb (0.0ms)
  Rendered layouts/_sidebar.html.erb (0.0ms)
  Rendered layouts/_footer.html.erb (0.0ms)
Completed 200 OK in 124ms (Views: 122.0ms | ActiveRecord: 0.0ms)


Started GET "/assets/application.css?body=1" for 127.0.0.1 at 2015-07-11 08:14:28 -0500


Started GET "/assets/normalize.css?body=1" for 127.0.0.1 at 2015-07-11 08:14:28 -0500


Started GET "/assets/layout.css?body=1" for 127.0.0.1 at 2015-07-11 08:14:28 -0500


Started GET "/assets/elements.css?body=1" for 127.0.0.1 at 2015-07-11 08:14:28 -0500


Started GET "/assets/movies.css?body=1" for 127.0.0.1 at 2015-07-11 08:14:28 -0500


Started GET "/assets/buttons.css?body=1" for 127.0.0.1 at 2015-07-11 08:14:28 -0500


Started GET "/assets/forms.css?body=1" for 127.0.0.1 at 2015-07-11 08:14:28 -0500


Started GET "/assets/jquery.js?body=1" for 127.0.0.1 at 2015-07-11 08:14:28 -0500


Started GET "/assets/jquery_ujs.js?body=1" for 127.0.0.1 at 2015-07-11 08:14:28 -0500


Started GET "/assets/turbolinks.js?body=1" for 127.0.0.1 at 2015-07-11 08:14:28 -0500


Started GET "/assets/movies.js?body=1" for 127.0.0.1 at 2015-07-11 08:14:28 -0500


Started GET "/assets/ironman.jpg" for 127.0.0.1 at 2015-07-11 08:14:28 -0500


Started GET "/assets/application.js?body=1" for 127.0.0.1 at 2015-07-11 08:14:28 -0500


Started GET "/movies/1/edit" for 127.0.0.1 at 2015-07-11 08:14:30 -0500
Processing by MoviesController#edit as HTML
  Parameters: {"id"=>"1"}
  [1m[36mMovie Load (0.0ms)[0m  [1mSELECT  "movies".* FROM "movies"  WHERE "movies"."id" = ? LIMIT 1[0m  [["id", 1]]
  Rendered movies/_form.html.erb (9.0ms)
  Rendered movies/edit.html.erb within layouts/application (12.0ms)
  Rendered layouts/_header.html.erb (0.0ms)
  Rendered layouts/_sidebar.html.erb (0.0ms)
  Rendered layouts/_footer.html.erb (0.0ms)
Completed 200 OK in 152ms (Views: 148.6ms | ActiveRecord: 0.0ms)


Started PATCH "/movies/1" for 127.0.0.1 at 2015-07-11 08:14:34 -0500
Processing by MoviesController#update as HTML
  Parameters: {"utf8"=>"✓", "authenticity_token"=>"CR+h4nfFbH1h2dInocR4hXw4PTfjei5/NMOw9ttSY8Q=", "movie"=>{"title"=>"Iron Man", "description"=>"When wealthy industrialist Tony Stark is forced to build an armored suit after a life-threatening incident, he ultimately decides to use its technology to fight against evil.", "rating"=>"PG-13", "released_on(1i)"=>"2008", "released_on(2i)"=>"5", "released_on(3i)"=>"2", "total_gross"=>"318412101", "duration"=>"126 min", "image_file_name"=>"ironman.jpg", "cast"=>"Robert Downey Jr., Gwyneth Paltrow and Terrence Howard", "director"=>"Jon Favreau"}, "commit"=>"Update Movie", "id"=>"1"}
  [1m[35mMovie Load (1.0ms)[0m  SELECT  "movies".* FROM "movies"  WHERE "movies"."id" = ? LIMIT 1  [["id", 1]]
  [1m[36m (0.0ms)[0m  [1mbegin transaction[0m
  [1m[35mSQL (0.0ms)[0m  UPDATE "movies" SET "title" = ?, "updated_at" = ? WHERE "movies"."id" = 1  [["title", "Iron Man"], ["updated_at", "2015-07-11 13:14:34.911878"]]
  [1m[36m (15.0ms)[0m  [1mcommit transaction[0m
Redirected to http://localhost:3000/movies/1
Completed 302 Found in 26ms (ActiveRecord: 16.0ms)


Started GET "/movies/1" for 127.0.0.1 at 2015-07-11 08:14:34 -0500
Processing by MoviesController#show as HTML
  Parameters: {"id"=>"1"}
  [1m[35mMovie Load (1.0ms)[0m  SELECT  "movies".* FROM "movies"  WHERE "movies"."id" = ? LIMIT 1  [["id", 1]]
  Rendered movies/show.html.erb within layouts/application (2.0ms)
  Rendered layouts/_header.html.erb (0.0ms)
  Rendered layouts/_sidebar.html.erb (0.0ms)
  Rendered layouts/_footer.html.erb (0.0ms)
Completed 200 OK in 125ms (Views: 123.0ms | ActiveRecord: 1.0ms)


Started GET "/assets/normalize.css?body=1" for 127.0.0.1 at 2015-07-11 08:14:35 -0500


Started GET "/assets/movies.css?body=1" for 127.0.0.1 at 2015-07-11 08:14:35 -0500


Started GET "/assets/buttons.css?body=1" for 127.0.0.1 at 2015-07-11 08:14:35 -0500


Started GET "/assets/layout.css?body=1" for 127.0.0.1 at 2015-07-11 08:14:35 -0500


Started GET "/assets/elements.css?body=1" for 127.0.0.1 at 2015-07-11 08:14:35 -0500


Started GET "/assets/application.css?body=1" for 127.0.0.1 at 2015-07-11 08:14:35 -0500


Started GET "/assets/forms.css?body=1" for 127.0.0.1 at 2015-07-11 08:14:35 -0500


Started GET "/assets/jquery_ujs.js?body=1" for 127.0.0.1 at 2015-07-11 08:14:35 -0500


Started GET "/assets/turbolinks.js?body=1" for 127.0.0.1 at 2015-07-11 08:14:35 -0500


Started GET "/assets/jquery.js?body=1" for 127.0.0.1 at 2015-07-11 08:14:35 -0500


Started GET "/assets/movies.js?body=1" for 127.0.0.1 at 2015-07-11 08:14:35 -0500


Started GET "/assets/application.js?body=1" for 127.0.0.1 at 2015-07-11 08:14:35 -0500


Started GET "/assets/ironman.jpg" for 127.0.0.1 at 2015-07-11 08:14:35 -0500
